16:31:12.176 [main] DEBUG at.ac.tuwien.sepm.assignment.individual.application.MainApplication - Application starting with arguments=[]
16:31:14.922 [JavaFX Application Thread] DEBUG at.ac.tuwien.sepm.assignment.individual.application.MainApplication - Application startup complete
16:31:17.391 [JavaFX Application Thread] DEBUG at.ac.tuwien.sepm.assignment.individual.rentalcars.ui.VehicleManagerController - Called addNewVehicleButtonPressed
16:31:17.391 [JavaFX Application Thread] DEBUG at.ac.tuwien.sepm.assignment.individual.rentalcars.ui.VehicleManagerController - Opening addVehicleWindow
16:31:17.837 [JavaFX Application Thread] DEBUG at.ac.tuwien.sepm.assignment.individual.rentalcars.ui.VehicleManagerController - addVehicleWindow successfully opened
16:31:19.582 [JavaFX Application Thread] INFO at.ac.tuwien.sepm.assignment.individual.rentalcars.ui.AddVehicleController - Tickbox C has been checked, None unchecked
16:31:20.539 [JavaFX Application Thread] INFO at.ac.tuwien.sepm.assignment.individual.rentalcars.ui.AddVehicleController - Tickbox None has been checked, A B C unchecked
16:31:46.237 [JavaFX Application Thread] DEBUG at.ac.tuwien.sepm.assignment.individual.rentalcars.ui.AddVehicleController - called buttonAddToDatabasePressed
16:31:46.353 [JavaFX Application Thread] ERROR at.ac.tuwien.sepm.assignment.individual.rentalcars.persistence.RentalPersistence - Error while saving picturebhdfb
16:31:46.370 [JavaFX Application Thread] DEBUG at.ac.tuwien.sepm.assignment.individual.rentalcars.ui.AddVehicleController - DTOVehicle bhdfb added to database
16:32:22.838 [JavaFX Application Thread] DEBUG at.ac.tuwien.sepm.assignment.individual.rentalcars.ui.AddVehicleController - called buttonAddToDatabasePressed
16:32:22.842 [JavaFX Application Thread] ERROR at.ac.tuwien.sepm.assignment.individual.rentalcars.persistence.RentalPersistence - Error while saving picturebhdfb
16:32:22.851 [JavaFX Application Thread] DEBUG at.ac.tuwien.sepm.assignment.individual.rentalcars.ui.AddVehicleController - DTOVehicle bhdfb added to database
16:32:29.775 [JavaFX Application Thread] DEBUG at.ac.tuwien.sepm.assignment.individual.rentalcars.ui.AddVehicleController - called buttonAddToDatabasePressed
16:32:29.778 [JavaFX Application Thread] ERROR at.ac.tuwien.sepm.assignment.individual.rentalcars.persistence.RentalPersistence - Error while saving picturebhdfb
16:32:29.786 [JavaFX Application Thread] DEBUG at.ac.tuwien.sepm.assignment.individual.rentalcars.ui.AddVehicleController - DTOVehicle bhdfb added to database
16:32:49.039 [JavaFX Application Thread] ERROR at.ac.tuwien.sepm.assignment.individual.rentalcars.ui.VehicleManagerController - Error while populating table with data!
16:33:23.736 [JavaFX Application Thread] DEBUG at.ac.tuwien.sepm.assignment.individual.application.MainApplication - Application shutdown initiated
16:34:24.558 [main] DEBUG at.ac.tuwien.sepm.assignment.individual.application.MainApplication - Application starting with arguments=[]
16:34:26.226 [JavaFX Application Thread] ERROR at.ac.tuwien.sepm.assignment.individual.rentalcars.ui.VehicleManagerController - Error while populating table with data!
16:34:26.980 [JavaFX Application Thread] DEBUG at.ac.tuwien.sepm.assignment.individual.application.MainApplication - Application startup complete
16:34:33.193 [JavaFX Application Thread] DEBUG at.ac.tuwien.sepm.assignment.individual.application.MainApplication - Application shutdown initiated
16:51:24.448 [main] DEBUG at.ac.tuwien.sepm.assignment.individual.application.MainApplication - Application starting with arguments=[]
16:51:26.470 [JavaFX Application Thread] ERROR at.ac.tuwien.sepm.assignment.individual.rentalcars.ui.VehicleManagerController - Error while populating table with data!
16:51:27.245 [JavaFX Application Thread] DEBUG at.ac.tuwien.sepm.assignment.individual.application.MainApplication - Application startup complete
16:51:29.749 [JavaFX Application Thread] DEBUG at.ac.tuwien.sepm.assignment.individual.application.MainApplication - Application shutdown initiated
16:53:04.583 [main] DEBUG at.ac.tuwien.sepm.assignment.individual.application.MainApplication - Application starting with arguments=[]
16:53:06.391 [JavaFX Application Thread] ERROR at.ac.tuwien.sepm.assignment.individual.rentalcars.ui.VehicleManagerController - Error while populating table with data!
16:53:07.329 [JavaFX Application Thread] DEBUG at.ac.tuwien.sepm.assignment.individual.application.MainApplication - Application startup complete
16:53:15.322 [JavaFX Application Thread] DEBUG at.ac.tuwien.sepm.assignment.individual.application.MainApplication - Application shutdown initiated
16:53:56.527 [main] DEBUG at.ac.tuwien.sepm.assignment.individual.application.MainApplication - Application starting with arguments=[]
16:53:58.229 [JavaFX Application Thread] ERROR at.ac.tuwien.sepm.assignment.individual.rentalcars.ui.VehicleManagerController - Error while populating table with data!
16:53:58.990 [JavaFX Application Thread] DEBUG at.ac.tuwien.sepm.assignment.individual.application.MainApplication - Application startup complete
16:54:02.251 [JavaFX Application Thread] DEBUG at.ac.tuwien.sepm.assignment.individual.application.MainApplication - Application shutdown initiated
16:57:57.231 [main] DEBUG at.ac.tuwien.sepm.assignment.individual.application.MainApplication - Application starting with arguments=[]
16:57:58.631 [JavaFX Application Thread] ERROR at.ac.tuwien.sepm.assignment.individual.rentalcars.ui.VehicleManagerController - Error while populating table with data!
16:57:59.532 [JavaFX Application Thread] DEBUG at.ac.tuwien.sepm.assignment.individual.application.MainApplication - Application startup complete
16:58:11.946 [JavaFX Application Thread] DEBUG at.ac.tuwien.sepm.assignment.individual.rentalcars.ui.VehicleManagerController - Called addNewVehicleButtonPressed
16:58:11.946 [JavaFX Application Thread] DEBUG at.ac.tuwien.sepm.assignment.individual.rentalcars.ui.VehicleManagerController - Opening addVehicleWindow
16:58:12.299 [JavaFX Application Thread] DEBUG at.ac.tuwien.sepm.assignment.individual.rentalcars.ui.VehicleManagerController - addVehicleWindow successfully opened
16:58:17.039 [JavaFX Application Thread] ERROR at.ac.tuwien.sepm.assignment.individual.rentalcars.ui.VehicleManagerController - Error while populating table with data!
16:58:17.850 [JavaFX Application Thread] DEBUG at.ac.tuwien.sepm.assignment.individual.application.MainApplication - Application shutdown initiated
16:59:09.152 [main] DEBUG at.ac.tuwien.sepm.assignment.individual.application.MainApplication - Application starting with arguments=[]
16:59:11.083 [JavaFX Application Thread] ERROR at.ac.tuwien.sepm.assignment.individual.rentalcars.ui.VehicleManagerController - Error while populating table with data!
16:59:11.892 [JavaFX Application Thread] DEBUG at.ac.tuwien.sepm.assignment.individual.application.MainApplication - Application startup complete
16:59:39.233 [main] DEBUG at.ac.tuwien.sepm.assignment.individual.application.MainApplication - Application starting with arguments=[]
16:59:41.839 [JavaFX Application Thread] ERROR at.ac.tuwien.sepm.assignment.individual.rentalcars.ui.VehicleManagerController - Error while populating table with data!
16:59:52.031 [main] DEBUG at.ac.tuwien.sepm.assignment.individual.application.MainApplication - Application starting with arguments=[]
16:59:53.923 [JavaFX Application Thread] ERROR at.ac.tuwien.sepm.assignment.individual.rentalcars.ui.VehicleManagerController - Error while populating table with data!
16:59:54.891 [JavaFX Application Thread] DEBUG at.ac.tuwien.sepm.assignment.individual.application.MainApplication - Application startup complete
17:00:58.300 [main] DEBUG at.ac.tuwien.sepm.assignment.individual.application.MainApplication - Application starting with arguments=[]
17:00:59.911 [JavaFX Application Thread] ERROR at.ac.tuwien.sepm.assignment.individual.rentalcars.ui.VehicleManagerController - Error while populating table with data!
17:01:00.872 [JavaFX Application Thread] DEBUG at.ac.tuwien.sepm.assignment.individual.application.MainApplication - Application startup complete
17:01:28.030 [main] DEBUG at.ac.tuwien.sepm.assignment.individual.application.MainApplication - Application starting with arguments=[]
17:01:30.227 [JavaFX Application Thread] ERROR at.ac.tuwien.sepm.assignment.individual.rentalcars.ui.VehicleManagerController - Error while populating table with data!
17:01:31.206 [JavaFX Application Thread] DEBUG at.ac.tuwien.sepm.assignment.individual.application.MainApplication - Application startup complete
17:01:34.491 [main] DEBUG at.ac.tuwien.sepm.assignment.individual.application.MainApplication - Application starting with arguments=[]
17:01:35.925 [JavaFX Application Thread] ERROR at.ac.tuwien.sepm.assignment.individual.rentalcars.ui.VehicleManagerController - Error while populating table with data!
17:01:37.834 [JavaFX Application Thread] DEBUG at.ac.tuwien.sepm.assignment.individual.application.MainApplication - Application startup complete
17:01:58.030 [main] DEBUG at.ac.tuwien.sepm.assignment.individual.application.MainApplication - Application starting with arguments=[]
17:01:59.742 [JavaFX Application Thread] ERROR at.ac.tuwien.sepm.assignment.individual.rentalcars.ui.VehicleManagerController - Error while populating table with data!
17:02:00.782 [JavaFX Application Thread] DEBUG at.ac.tuwien.sepm.assignment.individual.application.MainApplication - Application startup complete
17:03:46.546 [main] DEBUG at.ac.tuwien.sepm.assignment.individual.application.MainApplication - Application starting with arguments=[]
17:03:48.245 [JavaFX Application Thread] ERROR at.ac.tuwien.sepm.assignment.individual.rentalcars.persistence.RentalPersistence - Error while getting data for table!
17:03:48.246 [JavaFX Application Thread] ERROR at.ac.tuwien.sepm.assignment.individual.rentalcars.persistence.RentalPersistence - 90130
17:03:49.035 [JavaFX Application Thread] DEBUG at.ac.tuwien.sepm.assignment.individual.application.MainApplication - Application startup complete
17:03:51.303 [JavaFX Application Thread] DEBUG at.ac.tuwien.sepm.assignment.individual.application.MainApplication - Application shutdown initiated
17:05:34.317 [main] DEBUG at.ac.tuwien.sepm.assignment.individual.application.MainApplication - Application starting with arguments=[]
17:05:36.250 [JavaFX Application Thread] ERROR at.ac.tuwien.sepm.assignment.individual.rentalcars.persistence.RentalPersistence - Error while getting data for table!
17:05:36.255 [JavaFX Application Thread] ERROR at.ac.tuwien.sepm.assignment.individual.rentalcars.persistence.RentalPersistence - 90130
17:05:37.346 [JavaFX Application Thread] DEBUG at.ac.tuwien.sepm.assignment.individual.application.MainApplication - Application startup complete
17:05:38.974 [JavaFX Application Thread] DEBUG at.ac.tuwien.sepm.assignment.individual.application.MainApplication - Application shutdown initiated
17:05:55.192 [main] DEBUG at.ac.tuwien.sepm.assignment.individual.application.MainApplication - Application starting with arguments=[]
17:05:57.070 [JavaFX Application Thread] ERROR at.ac.tuwien.sepm.assignment.individual.rentalcars.persistence.RentalPersistence - Error while getting data for table!
17:05:57.071 [JavaFX Application Thread] ERROR at.ac.tuwien.sepm.assignment.individual.rentalcars.persistence.RentalPersistence - 90130
17:05:57.849 [JavaFX Application Thread] DEBUG at.ac.tuwien.sepm.assignment.individual.application.MainApplication - Application startup complete
17:06:01.295 [JavaFX Application Thread] DEBUG at.ac.tuwien.sepm.assignment.individual.rentalcars.ui.VehicleManagerController - Called addNewVehicleButtonPressed
17:06:01.295 [JavaFX Application Thread] DEBUG at.ac.tuwien.sepm.assignment.individual.rentalcars.ui.VehicleManagerController - Opening addVehicleWindow
17:06:01.624 [JavaFX Application Thread] DEBUG at.ac.tuwien.sepm.assignment.individual.rentalcars.ui.VehicleManagerController - addVehicleWindow successfully opened
17:06:03.284 [JavaFX Application Thread] ERROR at.ac.tuwien.sepm.assignment.individual.rentalcars.persistence.RentalPersistence - Error while getting data for table!
17:06:03.285 [JavaFX Application Thread] ERROR at.ac.tuwien.sepm.assignment.individual.rentalcars.persistence.RentalPersistence - 90130
17:06:04.594 [JavaFX Application Thread] DEBUG at.ac.tuwien.sepm.assignment.individual.application.MainApplication - Application shutdown initiated
17:08:03.242 [main] DEBUG at.ac.tuwien.sepm.assignment.individual.application.MainApplication - Application starting with arguments=[]
17:08:04.970 [JavaFX Application Thread] ERROR at.ac.tuwien.sepm.assignment.individual.rentalcars.ui.VehicleManagerController - Error while populating table with data!
17:08:05.850 [JavaFX Application Thread] DEBUG at.ac.tuwien.sepm.assignment.individual.application.MainApplication - Application startup complete
17:08:31.867 [main] DEBUG at.ac.tuwien.sepm.assignment.individual.application.MainApplication - Application starting with arguments=[]
17:08:34.006 [JavaFX Application Thread] ERROR at.ac.tuwien.sepm.assignment.individual.rentalcars.persistence.RentalPersistence - Error while getting data for table!
17:08:34.007 [JavaFX Application Thread] ERROR at.ac.tuwien.sepm.assignment.individual.rentalcars.persistence.RentalPersistence - 90130
17:08:34.861 [JavaFX Application Thread] DEBUG at.ac.tuwien.sepm.assignment.individual.application.MainApplication - Application startup complete
17:08:37.829 [JavaFX Application Thread] DEBUG at.ac.tuwien.sepm.assignment.individual.application.MainApplication - Application shutdown initiated
17:08:57.216 [main] DEBUG at.ac.tuwien.sepm.assignment.individual.application.MainApplication - Application starting with arguments=[]
17:08:58.740 [JavaFX Application Thread] ERROR at.ac.tuwien.sepm.assignment.individual.rentalcars.persistence.RentalPersistence - Error while getting data for table!
17:08:58.740 [JavaFX Application Thread] ERROR at.ac.tuwien.sepm.assignment.individual.rentalcars.persistence.RentalPersistence - 90130
17:08:59.741 [JavaFX Application Thread] DEBUG at.ac.tuwien.sepm.assignment.individual.application.MainApplication - Application startup complete
17:09:03.263 [JavaFX Application Thread] DEBUG at.ac.tuwien.sepm.assignment.individual.application.MainApplication - Application shutdown initiated
17:09:40.788 [main] DEBUG at.ac.tuwien.sepm.assignment.individual.application.MainApplication - Application starting with arguments=[]
17:09:42.477 [JavaFX Application Thread] ERROR at.ac.tuwien.sepm.assignment.individual.rentalcars.ui.VehicleManagerController - Error while populating table with data!
17:09:43.576 [JavaFX Application Thread] DEBUG at.ac.tuwien.sepm.assignment.individual.application.MainApplication - Application startup complete
17:10:38.811 [main] DEBUG at.ac.tuwien.sepm.assignment.individual.application.MainApplication - Application starting with arguments=[]
17:10:40.666 [JavaFX Application Thread] ERROR at.ac.tuwien.sepm.assignment.individual.rentalcars.ui.VehicleManagerController - Error while populating table with data!
17:10:41.458 [JavaFX Application Thread] DEBUG at.ac.tuwien.sepm.assignment.individual.application.MainApplication - Application startup complete
17:10:52.234 [JavaFX Application Thread] DEBUG at.ac.tuwien.sepm.assignment.individual.rentalcars.ui.VehicleManagerController - Called addNewVehicleButtonPressed
17:10:52.235 [JavaFX Application Thread] DEBUG at.ac.tuwien.sepm.assignment.individual.rentalcars.ui.VehicleManagerController - Opening addVehicleWindow
17:10:52.665 [JavaFX Application Thread] DEBUG at.ac.tuwien.sepm.assignment.individual.rentalcars.ui.VehicleManagerController - addVehicleWindow successfully opened
17:10:53.815 [JavaFX Application Thread] ERROR at.ac.tuwien.sepm.assignment.individual.rentalcars.ui.VehicleManagerController - Error while populating table with data!
17:11:41.742 [main] DEBUG at.ac.tuwien.sepm.assignment.individual.application.MainApplication - Application starting with arguments=[]
17:11:43.525 [JavaFX Application Thread] ERROR at.ac.tuwien.sepm.assignment.individual.rentalcars.ui.VehicleManagerController - Error while populating table with data!
17:11:44.507 [JavaFX Application Thread] DEBUG at.ac.tuwien.sepm.assignment.individual.application.MainApplication - Application startup complete
17:12:30.679 [main] DEBUG at.ac.tuwien.sepm.assignment.individual.application.MainApplication - Application starting with arguments=[]
17:12:32.764 [JavaFX Application Thread] ERROR at.ac.tuwien.sepm.assignment.individual.rentalcars.ui.VehicleManagerController - Error while populating table with data!
17:12:33.578 [JavaFX Application Thread] DEBUG at.ac.tuwien.sepm.assignment.individual.application.MainApplication - Application startup complete
17:16:54.712 [main] DEBUG at.ac.tuwien.sepm.assignment.individual.application.MainApplication - Application starting with arguments=[]
17:16:56.320 [JavaFX Application Thread] ERROR at.ac.tuwien.sepm.assignment.individual.rentalcars.persistence.RentalPersistence - Error while getting data for table!
17:16:56.320 [JavaFX Application Thread] ERROR at.ac.tuwien.sepm.assignment.individual.rentalcars.persistence.RentalPersistence - 90008
17:16:57.282 [JavaFX Application Thread] DEBUG at.ac.tuwien.sepm.assignment.individual.application.MainApplication - Application startup complete
17:17:00.349 [JavaFX Application Thread] DEBUG at.ac.tuwien.sepm.assignment.individual.application.MainApplication - Application shutdown initiated
17:17:43.005 [main] DEBUG at.ac.tuwien.sepm.assignment.individual.application.MainApplication - Application starting with arguments=[]
17:17:44.987 [JavaFX Application Thread] ERROR at.ac.tuwien.sepm.assignment.individual.rentalcars.persistence.RentalPersistence - Error while getting data for table!
17:17:44.987 [JavaFX Application Thread] ERROR at.ac.tuwien.sepm.assignment.individual.rentalcars.persistence.RentalPersistence - 90008
17:17:46.033 [JavaFX Application Thread] DEBUG at.ac.tuwien.sepm.assignment.individual.application.MainApplication - Application startup complete
17:17:57.003 [JavaFX Application Thread] DEBUG at.ac.tuwien.sepm.assignment.individual.rentalcars.ui.VehicleManagerController - Called addNewVehicleButtonPressed
17:17:57.004 [JavaFX Application Thread] DEBUG at.ac.tuwien.sepm.assignment.individual.rentalcars.ui.VehicleManagerController - Opening addVehicleWindow
17:17:57.387 [JavaFX Application Thread] DEBUG at.ac.tuwien.sepm.assignment.individual.rentalcars.ui.VehicleManagerController - addVehicleWindow successfully opened
17:17:57.511 [JavaFX Application Thread] DEBUG at.ac.tuwien.sepm.assignment.individual.rentalcars.ui.VehicleManagerController - Called addNewVehicleButtonPressed
17:17:57.511 [JavaFX Application Thread] DEBUG at.ac.tuwien.sepm.assignment.individual.rentalcars.ui.VehicleManagerController - Opening addVehicleWindow
17:17:57.673 [JavaFX Application Thread] DEBUG at.ac.tuwien.sepm.assignment.individual.rentalcars.ui.VehicleManagerController - addVehicleWindow successfully opened
17:18:00.438 [JavaFX Application Thread] ERROR at.ac.tuwien.sepm.assignment.individual.rentalcars.persistence.RentalPersistence - Error while getting data for table!
17:18:00.439 [JavaFX Application Thread] ERROR at.ac.tuwien.sepm.assignment.individual.rentalcars.persistence.RentalPersistence - 90008
17:18:03.112 [JavaFX Application Thread] DEBUG at.ac.tuwien.sepm.assignment.individual.application.MainApplication - Application shutdown initiated
17:18:05.561 [JavaFX Application Thread] ERROR at.ac.tuwien.sepm.assignment.individual.rentalcars.persistence.RentalPersistence - Error while getting data for table!
17:18:05.561 [JavaFX Application Thread] ERROR at.ac.tuwien.sepm.assignment.individual.rentalcars.persistence.RentalPersistence - 90008
17:18:32.942 [main] DEBUG at.ac.tuwien.sepm.assignment.individual.application.MainApplication - Application starting with arguments=[]
17:18:34.650 [JavaFX Application Thread] ERROR at.ac.tuwien.sepm.assignment.individual.rentalcars.persistence.RentalPersistence - Error while getting data for table!
17:18:34.650 [JavaFX Application Thread] ERROR at.ac.tuwien.sepm.assignment.individual.rentalcars.persistence.RentalPersistence - 90008
17:18:35.648 [JavaFX Application Thread] DEBUG at.ac.tuwien.sepm.assignment.individual.application.MainApplication - Application startup complete
17:19:00.507 [main] DEBUG at.ac.tuwien.sepm.assignment.individual.application.MainApplication - Application starting with arguments=[]
17:19:02.314 [JavaFX Application Thread] ERROR at.ac.tuwien.sepm.assignment.individual.rentalcars.ui.VehicleManagerController - Error while populating table with data!
17:19:03.549 [JavaFX Application Thread] DEBUG at.ac.tuwien.sepm.assignment.individual.application.MainApplication - Application startup complete
17:21:33.156 [main] DEBUG at.ac.tuwien.sepm.assignment.individual.application.MainApplication - Application starting with arguments=[]
17:21:34.753 [JavaFX Application Thread] ERROR at.ac.tuwien.sepm.assignment.individual.rentalcars.persistence.RentalPersistence - Error while loading picture!
17:21:34.756 [JavaFX Application Thread] ERROR at.ac.tuwien.sepm.assignment.individual.rentalcars.persistence.RentalPersistence - Error while loading picture!
17:21:34.756 [JavaFX Application Thread] ERROR at.ac.tuwien.sepm.assignment.individual.rentalcars.persistence.RentalPersistence - Error while loading picture!
17:21:36.097 [JavaFX Application Thread] DEBUG at.ac.tuwien.sepm.assignment.individual.application.MainApplication - Application startup complete
17:22:09.035 [JavaFX Application Thread] DEBUG at.ac.tuwien.sepm.assignment.individual.application.MainApplication - Application shutdown initiated
17:22:49.779 [main] DEBUG at.ac.tuwien.sepm.assignment.individual.application.MainApplication - Application starting with arguments=[]
17:22:51.040 [JavaFX Application Thread] ERROR at.ac.tuwien.sepm.assignment.individual.rentalcars.ui.VehicleManagerController - Error while populating table with data!
17:22:52.011 [JavaFX Application Thread] DEBUG at.ac.tuwien.sepm.assignment.individual.application.MainApplication - Application startup complete
17:23:03.857 [JavaFX Application Thread] DEBUG at.ac.tuwien.sepm.assignment.individual.application.MainApplication - Application shutdown initiated
17:23:16.383 [main] DEBUG at.ac.tuwien.sepm.assignment.individual.application.MainApplication - Application starting with arguments=[]
17:23:18.539 [JavaFX Application Thread] ERROR at.ac.tuwien.sepm.assignment.individual.rentalcars.ui.VehicleManagerController - Error while populating table with data!
17:23:20.493 [JavaFX Application Thread] DEBUG at.ac.tuwien.sepm.assignment.individual.application.MainApplication - Application startup complete
17:23:22.318 [JavaFX Application Thread] DEBUG at.ac.tuwien.sepm.assignment.individual.application.MainApplication - Application shutdown initiated
17:23:33.691 [main] DEBUG at.ac.tuwien.sepm.assignment.individual.application.MainApplication - Application starting with arguments=[]
17:23:35.154 [JavaFX Application Thread] ERROR at.ac.tuwien.sepm.assignment.individual.rentalcars.persistence.RentalPersistence - Error while loading picture!
17:23:35.157 [JavaFX Application Thread] ERROR at.ac.tuwien.sepm.assignment.individual.rentalcars.persistence.RentalPersistence - Error while loading picture!
17:23:35.157 [JavaFX Application Thread] ERROR at.ac.tuwien.sepm.assignment.individual.rentalcars.persistence.RentalPersistence - Error while loading picture!
17:23:36.451 [JavaFX Application Thread] DEBUG at.ac.tuwien.sepm.assignment.individual.application.MainApplication - Application startup complete
17:24:21.583 [main] DEBUG at.ac.tuwien.sepm.assignment.individual.application.MainApplication - Application starting with arguments=[]
17:24:23.382 [JavaFX Application Thread] ERROR at.ac.tuwien.sepm.assignment.individual.rentalcars.persistence.RentalPersistence - Error while loading picture!
17:24:23.384 [JavaFX Application Thread] ERROR at.ac.tuwien.sepm.assignment.individual.rentalcars.persistence.RentalPersistence - Error while loading picture!
17:24:23.384 [JavaFX Application Thread] ERROR at.ac.tuwien.sepm.assignment.individual.rentalcars.persistence.RentalPersistence - Error while loading picture!
17:24:24.458 [JavaFX Application Thread] DEBUG at.ac.tuwien.sepm.assignment.individual.application.MainApplication - Application startup complete
17:25:37.090 [JavaFX Application Thread] DEBUG at.ac.tuwien.sepm.assignment.individual.rentalcars.ui.VehicleManagerController - Called editVehicleButtonPressed
17:25:37.090 [JavaFX Application Thread] DEBUG at.ac.tuwien.sepm.assignment.individual.rentalcars.ui.VehicleManagerController - Opening addOrderWindow
17:25:37.397 [JavaFX Application Thread] DEBUG at.ac.tuwien.sepm.assignment.individual.rentalcars.ui.VehicleManagerController - addOrderWindow successfully opened
17:25:40.379 [JavaFX Application Thread] DEBUG at.ac.tuwien.sepm.assignment.individual.rentalcars.ui.VehicleManagerController - addNewOrderWindow closed
17:25:43.874 [JavaFX Application Thread] DEBUG at.ac.tuwien.sepm.assignment.individual.rentalcars.ui.VehicleManagerController - Called editVehicleButtonPressed
17:25:43.875 [JavaFX Application Thread] DEBUG at.ac.tuwien.sepm.assignment.individual.rentalcars.ui.VehicleManagerController - Opening addOrderWindow
17:25:44.009 [JavaFX Application Thread] DEBUG at.ac.tuwien.sepm.assignment.individual.rentalcars.ui.VehicleManagerController - addOrderWindow successfully opened
17:25:45.804 [JavaFX Application Thread] DEBUG at.ac.tuwien.sepm.assignment.individual.rentalcars.ui.VehicleManagerController - addNewOrderWindow closed
17:26:00.399 [JavaFX Application Thread] DEBUG at.ac.tuwien.sepm.assignment.individual.application.MainApplication - Application shutdown initiated
17:26:27.811 [main] DEBUG at.ac.tuwien.sepm.assignment.individual.application.MainApplication - Application starting with arguments=[]
17:26:29.681 [JavaFX Application Thread] ERROR at.ac.tuwien.sepm.assignment.individual.rentalcars.persistence.RentalPersistence - Error while loading picture!
17:26:29.683 [JavaFX Application Thread] ERROR at.ac.tuwien.sepm.assignment.individual.rentalcars.persistence.RentalPersistence - Error while loading picture!
17:26:29.683 [JavaFX Application Thread] ERROR at.ac.tuwien.sepm.assignment.individual.rentalcars.persistence.RentalPersistence - Error while loading picture!
17:26:30.945 [JavaFX Application Thread] DEBUG at.ac.tuwien.sepm.assignment.individual.application.MainApplication - Application startup complete
17:27:04.550 [main] DEBUG at.ac.tuwien.sepm.assignment.individual.application.MainApplication - Application starting with arguments=[]
17:27:06.348 [JavaFX Application Thread] ERROR at.ac.tuwien.sepm.assignment.individual.rentalcars.persistence.RentalPersistence - Error while loading picture!
17:27:06.352 [JavaFX Application Thread] ERROR at.ac.tuwien.sepm.assignment.individual.rentalcars.persistence.RentalPersistence - Error while loading picture!
17:27:06.352 [JavaFX Application Thread] ERROR at.ac.tuwien.sepm.assignment.individual.rentalcars.persistence.RentalPersistence - Error while loading picture!
17:27:07.525 [JavaFX Application Thread] DEBUG at.ac.tuwien.sepm.assignment.individual.application.MainApplication - Application startup complete
17:27:10.870 [JavaFX Application Thread] DEBUG at.ac.tuwien.sepm.assignment.individual.rentalcars.ui.VehicleManagerController - Called addNewVehicleButtonPressed
17:27:10.870 [JavaFX Application Thread] DEBUG at.ac.tuwien.sepm.assignment.individual.rentalcars.ui.VehicleManagerController - Opening addVehicleWindow
17:27:11.177 [JavaFX Application Thread] DEBUG at.ac.tuwien.sepm.assignment.individual.rentalcars.ui.VehicleManagerController - addVehicleWindow successfully opened
17:27:21.001 [JavaFX Application Thread] INFO at.ac.tuwien.sepm.assignment.individual.rentalcars.ui.AddVehicleController - Tickbox C has been checked, None unchecked
17:27:35.560 [JavaFX Application Thread] DEBUG at.ac.tuwien.sepm.assignment.individual.rentalcars.ui.AddVehicleController - called buttonAddToDatabasePressed
17:27:36.026 [JavaFX Application Thread] ERROR at.ac.tuwien.sepm.assignment.individual.rentalcars.persistence.RentalPersistence - Error while saving picture343
17:27:36.154 [JavaFX Application Thread] DEBUG at.ac.tuwien.sepm.assignment.individual.rentalcars.ui.AddVehicleController - DTOVehicle 343 added to database
19:12:14.674 [main] DEBUG at.ac.tuwien.sepm.assignment.individual.application.MainApplication - Application starting with arguments=[]
19:12:17.183 [JavaFX Application Thread] DEBUG at.ac.tuwien.sepm.assignment.individual.rentalcars.persistence.RentalPersistence - Connection to database successfully established!
19:12:17.206 [JavaFX Application Thread] ERROR at.ac.tuwien.sepm.assignment.individual.rentalcars.persistence.RentalPersistence - Error while loading picture!
19:12:17.211 [JavaFX Application Thread] ERROR at.ac.tuwien.sepm.assignment.individual.rentalcars.persistence.RentalPersistence - Error while loading picture!
19:12:17.211 [JavaFX Application Thread] ERROR at.ac.tuwien.sepm.assignment.individual.rentalcars.persistence.RentalPersistence - Error while loading picture!
19:12:17.212 [JavaFX Application Thread] ERROR at.ac.tuwien.sepm.assignment.individual.rentalcars.persistence.RentalPersistence - Error while loading picture!
19:12:17.212 [JavaFX Application Thread] DEBUG at.ac.tuwien.sepm.assignment.individual.rentalcars.persistence.RentalPersistence - Vehicles added into TableView successfully!
19:12:18.523 [JavaFX Application Thread] DEBUG at.ac.tuwien.sepm.assignment.individual.application.MainApplication - Application startup complete
19:12:21.761 [JavaFX Application Thread] DEBUG at.ac.tuwien.sepm.assignment.individual.application.MainApplication - Application shutdown initiated
19:15:43.822 [main] DEBUG at.ac.tuwien.sepm.assignment.individual.application.MainApplication - Application starting with arguments=[]
19:15:45.620 [JavaFX Application Thread] DEBUG at.ac.tuwien.sepm.assignment.individual.rentalcars.persistence.RentalPersistence - Connection to database successfully established!
19:15:45.649 [JavaFX Application Thread] ERROR at.ac.tuwien.sepm.assignment.individual.rentalcars.persistence.RentalPersistence - Error while loading picture!
19:15:45.664 [JavaFX Application Thread] ERROR at.ac.tuwien.sepm.assignment.individual.rentalcars.persistence.RentalPersistence - Error while loading picture!
19:15:45.664 [JavaFX Application Thread] ERROR at.ac.tuwien.sepm.assignment.individual.rentalcars.persistence.RentalPersistence - Error while loading picture!
19:15:45.665 [JavaFX Application Thread] ERROR at.ac.tuwien.sepm.assignment.individual.rentalcars.persistence.RentalPersistence - Error while loading picture!
19:15:45.665 [JavaFX Application Thread] DEBUG at.ac.tuwien.sepm.assignment.individual.rentalcars.persistence.RentalPersistence - Vehicles added into TableView successfully!
19:15:46.702 [JavaFX Application Thread] DEBUG at.ac.tuwien.sepm.assignment.individual.application.MainApplication - Application startup complete
19:15:51.817 [JavaFX Application Thread] DEBUG at.ac.tuwien.sepm.assignment.individual.rentalcars.ui.VehicleManagerController - Called addNewVehicleButtonPressed
19:15:51.817 [JavaFX Application Thread] DEBUG at.ac.tuwien.sepm.assignment.individual.rentalcars.ui.VehicleManagerController - Opening addVehicleWindow
19:15:52.140 [JavaFX Application Thread] DEBUG at.ac.tuwien.sepm.assignment.individual.rentalcars.ui.VehicleManagerController - addVehicleWindow successfully opened
19:15:54.713 [JavaFX Application Thread] INFO at.ac.tuwien.sepm.assignment.individual.rentalcars.ui.AddVehicleController - Tickbox A has been checked, None unchecked
19:15:55.352 [JavaFX Application Thread] INFO at.ac.tuwien.sepm.assignment.individual.rentalcars.ui.AddVehicleController - Tickbox B has been checked, None unchecked
19:15:58.436 [JavaFX Application Thread] DEBUG at.ac.tuwien.sepm.assignment.individual.rentalcars.persistence.RentalPersistence - Connection to database successfully established!
19:15:58.438 [JavaFX Application Thread] ERROR at.ac.tuwien.sepm.assignment.individual.rentalcars.persistence.RentalPersistence - Error while loading picture!
19:15:58.439 [JavaFX Application Thread] ERROR at.ac.tuwien.sepm.assignment.individual.rentalcars.persistence.RentalPersistence - Error while loading picture!
19:15:58.439 [JavaFX Application Thread] ERROR at.ac.tuwien.sepm.assignment.individual.rentalcars.persistence.RentalPersistence - Error while loading picture!
19:15:58.440 [JavaFX Application Thread] ERROR at.ac.tuwien.sepm.assignment.individual.rentalcars.persistence.RentalPersistence - Error while loading picture!
19:15:58.441 [JavaFX Application Thread] DEBUG at.ac.tuwien.sepm.assignment.individual.rentalcars.persistence.RentalPersistence - Vehicles added into TableView successfully!
19:15:59.678 [JavaFX Application Thread] DEBUG at.ac.tuwien.sepm.assignment.individual.application.MainApplication - Application shutdown initiated
22:29:52.020 [main] DEBUG at.ac.tuwien.sepm.assignment.individual.application.MainApplication - Application starting with arguments=[]
22:29:54.623 [JavaFX Application Thread] DEBUG at.ac.tuwien.sepm.assignment.individual.rentalcars.persistence.RentalPersistence - Connection to database successfully established!
22:29:54.704 [JavaFX Application Thread] ERROR at.ac.tuwien.sepm.assignment.individual.rentalcars.persistence.RentalPersistence - Error while loading picture!
22:29:54.771 [JavaFX Application Thread] ERROR at.ac.tuwien.sepm.assignment.individual.rentalcars.persistence.RentalPersistence - Error while loading picture!
22:29:54.771 [JavaFX Application Thread] ERROR at.ac.tuwien.sepm.assignment.individual.rentalcars.persistence.RentalPersistence - Error while loading picture!
22:29:54.771 [JavaFX Application Thread] ERROR at.ac.tuwien.sepm.assignment.individual.rentalcars.persistence.RentalPersistence - Error while loading picture!
22:29:54.772 [JavaFX Application Thread] DEBUG at.ac.tuwien.sepm.assignment.individual.rentalcars.persistence.RentalPersistence - Vehicles added into TableView successfully!
22:29:56.247 [JavaFX Application Thread] DEBUG at.ac.tuwien.sepm.assignment.individual.application.MainApplication - Application startup complete
22:30:15.584 [JavaFX Application Thread] DEBUG at.ac.tuwien.sepm.assignment.individual.rentalcars.ui.VehicleManagerController - Called editVehicleButtonPressed
22:30:15.585 [JavaFX Application Thread] DEBUG at.ac.tuwien.sepm.assignment.individual.rentalcars.ui.VehicleManagerController - Opening addOrderWindow
22:30:15.868 [JavaFX Application Thread] DEBUG at.ac.tuwien.sepm.assignment.individual.rentalcars.ui.VehicleManagerController - addOrderWindow successfully opened
22:30:18.197 [JavaFX Application Thread] DEBUG at.ac.tuwien.sepm.assignment.individual.rentalcars.ui.VehicleManagerController - addNewOrderWindow closed
22:30:19.405 [JavaFX Application Thread] DEBUG at.ac.tuwien.sepm.assignment.individual.application.MainApplication - Application shutdown initiated
22:37:22.769 [main] DEBUG at.ac.tuwien.sepm.assignment.individual.application.MainApplication - Application starting with arguments=[]
22:37:24.329 [JavaFX Application Thread] DEBUG at.ac.tuwien.sepm.assignment.individual.rentalcars.persistence.RentalPersistence - Connection to database successfully established!
22:37:24.365 [JavaFX Application Thread] ERROR at.ac.tuwien.sepm.assignment.individual.rentalcars.persistence.RentalPersistence - Error while loading picture!
22:37:24.369 [JavaFX Application Thread] ERROR at.ac.tuwien.sepm.assignment.individual.rentalcars.persistence.RentalPersistence - Error while loading picture!
22:37:24.370 [JavaFX Application Thread] ERROR at.ac.tuwien.sepm.assignment.individual.rentalcars.persistence.RentalPersistence - Error while loading picture!
22:37:24.370 [JavaFX Application Thread] ERROR at.ac.tuwien.sepm.assignment.individual.rentalcars.persistence.RentalPersistence - Error while loading picture!
22:37:24.370 [JavaFX Application Thread] DEBUG at.ac.tuwien.sepm.assignment.individual.rentalcars.persistence.RentalPersistence - Vehicles added into TableView successfully!
22:37:25.628 [JavaFX Application Thread] DEBUG at.ac.tuwien.sepm.assignment.individual.application.MainApplication - Application startup complete
22:37:27.812 [JavaFX Application Thread] DEBUG at.ac.tuwien.sepm.assignment.individual.rentalcars.ui.VehicleManagerController - Called editVehicleButtonPressed
22:37:27.812 [JavaFX Application Thread] DEBUG at.ac.tuwien.sepm.assignment.individual.rentalcars.ui.VehicleManagerController - Opening addOrderWindow
22:37:28.108 [JavaFX Application Thread] DEBUG at.ac.tuwien.sepm.assignment.individual.rentalcars.ui.VehicleManagerController - addOrderWindow successfully opened
22:37:42.345 [JavaFX Application Thread] DEBUG at.ac.tuwien.sepm.assignment.individual.rentalcars.ui.VehicleManagerController - addNewOrderWindow closed
22:37:43.210 [JavaFX Application Thread] DEBUG at.ac.tuwien.sepm.assignment.individual.application.MainApplication - Application shutdown initiated
23:06:02.254 [main] DEBUG at.ac.tuwien.sepm.assignment.individual.application.MainApplication - Application starting with arguments=[]
23:06:04.410 [JavaFX Application Thread] DEBUG at.ac.tuwien.sepm.assignment.individual.rentalcars.persistence.RentalPersistence - Connection to database successfully established!
23:06:04.456 [JavaFX Application Thread] ERROR at.ac.tuwien.sepm.assignment.individual.rentalcars.persistence.RentalPersistence - Error while loading picture!
23:06:04.461 [JavaFX Application Thread] ERROR at.ac.tuwien.sepm.assignment.individual.rentalcars.persistence.RentalPersistence - Error while loading picture!
23:06:04.461 [JavaFX Application Thread] ERROR at.ac.tuwien.sepm.assignment.individual.rentalcars.persistence.RentalPersistence - Error while loading picture!
23:06:04.462 [JavaFX Application Thread] ERROR at.ac.tuwien.sepm.assignment.individual.rentalcars.persistence.RentalPersistence - Error while loading picture!
23:06:04.462 [JavaFX Application Thread] DEBUG at.ac.tuwien.sepm.assignment.individual.rentalcars.persistence.RentalPersistence - Vehicles added into TableView successfully!
23:06:05.543 [JavaFX Application Thread] DEBUG at.ac.tuwien.sepm.assignment.individual.application.MainApplication - Application startup complete
23:06:11.327 [JavaFX Application Thread] DEBUG at.ac.tuwien.sepm.assignment.individual.rentalcars.ui.VehicleManagerController - Called editVehicleButtonPressed
23:06:11.327 [JavaFX Application Thread] DEBUG at.ac.tuwien.sepm.assignment.individual.rentalcars.ui.VehicleManagerController - Opening editVehicleWindow
23:06:11.391 [JavaFX Application Thread] ERROR at.ac.tuwien.sepm.assignment.individual.rentalcars.ui.VehicleManagerController - Could not load scene editVehicleWindow
23:06:36.348 [JavaFX Application Thread] DEBUG at.ac.tuwien.sepm.assignment.individual.rentalcars.ui.VehicleManagerController - Called editVehicleButtonPressed
23:06:36.349 [JavaFX Application Thread] DEBUG at.ac.tuwien.sepm.assignment.individual.rentalcars.ui.VehicleManagerController - Opening editVehicleWindow
23:06:36.387 [JavaFX Application Thread] ERROR at.ac.tuwien.sepm.assignment.individual.rentalcars.ui.VehicleManagerController - Could not load scene editVehicleWindow
23:06:40.846 [JavaFX Application Thread] DEBUG at.ac.tuwien.sepm.assignment.individual.rentalcars.ui.VehicleManagerController - Called editVehicleButtonPressed
23:06:40.846 [JavaFX Application Thread] DEBUG at.ac.tuwien.sepm.assignment.individual.rentalcars.ui.VehicleManagerController - Opening editVehicleWindow
23:06:40.871 [JavaFX Application Thread] ERROR at.ac.tuwien.sepm.assignment.individual.rentalcars.ui.VehicleManagerController - Could not load scene editVehicleWindow
23:07:28.977 [main] DEBUG at.ac.tuwien.sepm.assignment.individual.application.MainApplication - Application starting with arguments=[]
23:07:30.872 [JavaFX Application Thread] DEBUG at.ac.tuwien.sepm.assignment.individual.rentalcars.persistence.RentalPersistence - Connection to database successfully established!
23:07:30.909 [JavaFX Application Thread] ERROR at.ac.tuwien.sepm.assignment.individual.rentalcars.persistence.RentalPersistence - Error while loading picture!
23:07:30.914 [JavaFX Application Thread] ERROR at.ac.tuwien.sepm.assignment.individual.rentalcars.persistence.RentalPersistence - Error while loading picture!
23:07:30.914 [JavaFX Application Thread] ERROR at.ac.tuwien.sepm.assignment.individual.rentalcars.persistence.RentalPersistence - Error while loading picture!
23:07:30.915 [JavaFX Application Thread] ERROR at.ac.tuwien.sepm.assignment.individual.rentalcars.persistence.RentalPersistence - Error while loading picture!
23:07:30.915 [JavaFX Application Thread] DEBUG at.ac.tuwien.sepm.assignment.individual.rentalcars.persistence.RentalPersistence - Vehicles added into TableView successfully!
23:07:32.027 [JavaFX Application Thread] DEBUG at.ac.tuwien.sepm.assignment.individual.application.MainApplication - Application startup complete
23:07:33.572 [JavaFX Application Thread] DEBUG at.ac.tuwien.sepm.assignment.individual.rentalcars.ui.VehicleManagerController - Called editVehicleButtonPressed
23:07:33.572 [JavaFX Application Thread] DEBUG at.ac.tuwien.sepm.assignment.individual.rentalcars.ui.VehicleManagerController - Opening editVehicleWindow
23:07:33.610 [JavaFX Application Thread] ERROR at.ac.tuwien.sepm.assignment.individual.rentalcars.ui.VehicleManagerController - Could not load scene editVehicleWindow
23:07:39.019 [JavaFX Application Thread] DEBUG at.ac.tuwien.sepm.assignment.individual.rentalcars.ui.VehicleManagerController - Called editVehicleButtonPressed
23:07:39.020 [JavaFX Application Thread] DEBUG at.ac.tuwien.sepm.assignment.individual.rentalcars.ui.VehicleManagerController - Opening editVehicleWindow
23:07:39.051 [JavaFX Application Thread] ERROR at.ac.tuwien.sepm.assignment.individual.rentalcars.ui.VehicleManagerController - Could not load scene editVehicleWindow
23:07:40.342 [JavaFX Application Thread] DEBUG at.ac.tuwien.sepm.assignment.individual.rentalcars.ui.VehicleManagerController - Called addOrderButtonPressed
23:07:40.343 [JavaFX Application Thread] DEBUG at.ac.tuwien.sepm.assignment.individual.rentalcars.ui.VehicleManagerController - Opening addOrderWindow
23:07:40.682 [JavaFX Application Thread] DEBUG at.ac.tuwien.sepm.assignment.individual.rentalcars.ui.VehicleManagerController - addOrderWindow successfully opened
23:07:42.587 [JavaFX Application Thread] DEBUG at.ac.tuwien.sepm.assignment.individual.rentalcars.ui.VehicleManagerController - addNewOrderWindow closed
23:07:43.984 [JavaFX Application Thread] DEBUG at.ac.tuwien.sepm.assignment.individual.rentalcars.ui.VehicleManagerController - Called addNewVehicleButtonPressed
23:07:43.985 [JavaFX Application Thread] DEBUG at.ac.tuwien.sepm.assignment.individual.rentalcars.ui.VehicleManagerController - Opening addVehicleWindow
23:07:44.158 [JavaFX Application Thread] DEBUG at.ac.tuwien.sepm.assignment.individual.rentalcars.ui.VehicleManagerController - addVehicleWindow successfully opened
23:07:45.835 [JavaFX Application Thread] DEBUG at.ac.tuwien.sepm.assignment.individual.rentalcars.persistence.RentalPersistence - Connection to database successfully established!
23:07:45.836 [JavaFX Application Thread] ERROR at.ac.tuwien.sepm.assignment.individual.rentalcars.persistence.RentalPersistence - Error while loading picture!
23:07:45.838 [JavaFX Application Thread] ERROR at.ac.tuwien.sepm.assignment.individual.rentalcars.persistence.RentalPersistence - Error while loading picture!
23:07:45.838 [JavaFX Application Thread] ERROR at.ac.tuwien.sepm.assignment.individual.rentalcars.persistence.RentalPersistence - Error while loading picture!
23:07:45.840 [JavaFX Application Thread] ERROR at.ac.tuwien.sepm.assignment.individual.rentalcars.persistence.RentalPersistence - Error while loading picture!
23:07:45.840 [JavaFX Application Thread] DEBUG at.ac.tuwien.sepm.assignment.individual.rentalcars.persistence.RentalPersistence - Vehicles added into TableView successfully!
23:07:47.391 [JavaFX Application Thread] DEBUG at.ac.tuwien.sepm.assignment.individual.rentalcars.ui.VehicleManagerController - Called addOrderButtonPressed
23:07:47.391 [JavaFX Application Thread] DEBUG at.ac.tuwien.sepm.assignment.individual.rentalcars.ui.VehicleManagerController - Opening addOrderWindow
23:07:47.511 [JavaFX Application Thread] DEBUG at.ac.tuwien.sepm.assignment.individual.rentalcars.ui.VehicleManagerController - addOrderWindow successfully opened
23:08:03.382 [JavaFX Application Thread] DEBUG at.ac.tuwien.sepm.assignment.individual.rentalcars.ui.VehicleManagerController - addNewOrderWindow closed
23:08:18.669 [JavaFX Application Thread] DEBUG at.ac.tuwien.sepm.assignment.individual.application.MainApplication - Application shutdown initiated
23:15:59.961 [main] DEBUG at.ac.tuwien.sepm.assignment.individual.application.MainApplication - Application starting with arguments=[]
23:16:01.798 [JavaFX Application Thread] DEBUG at.ac.tuwien.sepm.assignment.individual.rentalcars.persistence.RentalPersistence - Connection to database successfully established!
23:16:01.864 [JavaFX Application Thread] ERROR at.ac.tuwien.sepm.assignment.individual.rentalcars.persistence.RentalPersistence - Error while loading picture!
23:16:01.868 [JavaFX Application Thread] ERROR at.ac.tuwien.sepm.assignment.individual.rentalcars.persistence.RentalPersistence - Error while loading picture!
23:16:01.869 [JavaFX Application Thread] ERROR at.ac.tuwien.sepm.assignment.individual.rentalcars.persistence.RentalPersistence - Error while loading picture!
23:16:01.870 [JavaFX Application Thread] ERROR at.ac.tuwien.sepm.assignment.individual.rentalcars.persistence.RentalPersistence - Error while loading picture!
23:16:01.872 [JavaFX Application Thread] DEBUG at.ac.tuwien.sepm.assignment.individual.rentalcars.persistence.RentalPersistence - Vehicles added into TableView successfully!
23:16:02.969 [JavaFX Application Thread] DEBUG at.ac.tuwien.sepm.assignment.individual.application.MainApplication - Application startup complete
23:16:06.045 [JavaFX Application Thread] DEBUG at.ac.tuwien.sepm.assignment.individual.rentalcars.ui.VehicleManagerController - Called editVehicleButtonPressed
23:16:06.046 [JavaFX Application Thread] DEBUG at.ac.tuwien.sepm.assignment.individual.rentalcars.ui.VehicleManagerController - Opening editVehicleWindow
23:16:06.085 [JavaFX Application Thread] ERROR at.ac.tuwien.sepm.assignment.individual.rentalcars.ui.VehicleManagerController - Could not load scene editVehicleWindow
23:16:12.784 [JavaFX Application Thread] DEBUG at.ac.tuwien.sepm.assignment.individual.application.MainApplication - Application shutdown initiated
23:17:42.195 [main] DEBUG at.ac.tuwien.sepm.assignment.individual.application.MainApplication - Application starting with arguments=[]
23:17:43.791 [JavaFX Application Thread] DEBUG at.ac.tuwien.sepm.assignment.individual.rentalcars.persistence.RentalPersistence - Connection to database successfully established!
23:17:43.823 [JavaFX Application Thread] ERROR at.ac.tuwien.sepm.assignment.individual.rentalcars.persistence.RentalPersistence - Error while loading picture!
23:17:43.837 [JavaFX Application Thread] ERROR at.ac.tuwien.sepm.assignment.individual.rentalcars.persistence.RentalPersistence - Error while loading picture!
23:17:43.837 [JavaFX Application Thread] ERROR at.ac.tuwien.sepm.assignment.individual.rentalcars.persistence.RentalPersistence - Error while loading picture!
23:17:43.837 [JavaFX Application Thread] ERROR at.ac.tuwien.sepm.assignment.individual.rentalcars.persistence.RentalPersistence - Error while loading picture!
23:17:43.838 [JavaFX Application Thread] DEBUG at.ac.tuwien.sepm.assignment.individual.rentalcars.persistence.RentalPersistence - Vehicles added into TableView successfully!
23:17:45.047 [JavaFX Application Thread] DEBUG at.ac.tuwien.sepm.assignment.individual.application.MainApplication - Application startup complete
23:17:46.737 [JavaFX Application Thread] DEBUG at.ac.tuwien.sepm.assignment.individual.rentalcars.ui.VehicleManagerController - Called editVehicleButtonPressed
23:17:46.737 [JavaFX Application Thread] DEBUG at.ac.tuwien.sepm.assignment.individual.rentalcars.ui.VehicleManagerController - Opening editVehicleWindow
23:17:46.771 [JavaFX Application Thread] ERROR at.ac.tuwien.sepm.assignment.individual.rentalcars.ui.VehicleManagerController - Could not load scene editVehicleWindow
23:17:52.712 [JavaFX Application Thread] DEBUG at.ac.tuwien.sepm.assignment.individual.rentalcars.ui.VehicleManagerController - Called editVehicleButtonPressed
23:17:52.713 [JavaFX Application Thread] DEBUG at.ac.tuwien.sepm.assignment.individual.rentalcars.ui.VehicleManagerController - Opening editVehicleWindow
23:17:52.724 [JavaFX Application Thread] ERROR at.ac.tuwien.sepm.assignment.individual.rentalcars.ui.VehicleManagerController - Could not load scene editVehicleWindow
23:17:54.892 [JavaFX Application Thread] DEBUG at.ac.tuwien.sepm.assignment.individual.application.MainApplication - Application shutdown initiated
23:18:44.842 [main] DEBUG at.ac.tuwien.sepm.assignment.individual.application.MainApplication - Application starting with arguments=[]
23:18:46.372 [JavaFX Application Thread] DEBUG at.ac.tuwien.sepm.assignment.individual.rentalcars.persistence.RentalPersistence - Connection to database successfully established!
23:18:46.398 [JavaFX Application Thread] ERROR at.ac.tuwien.sepm.assignment.individual.rentalcars.persistence.RentalPersistence - Error while loading picture!
23:18:46.403 [JavaFX Application Thread] ERROR at.ac.tuwien.sepm.assignment.individual.rentalcars.persistence.RentalPersistence - Error while loading picture!
23:18:46.404 [JavaFX Application Thread] ERROR at.ac.tuwien.sepm.assignment.individual.rentalcars.persistence.RentalPersistence - Error while loading picture!
23:18:46.404 [JavaFX Application Thread] ERROR at.ac.tuwien.sepm.assignment.individual.rentalcars.persistence.RentalPersistence - Error while loading picture!
23:18:46.404 [JavaFX Application Thread] DEBUG at.ac.tuwien.sepm.assignment.individual.rentalcars.persistence.RentalPersistence - Vehicles added into TableView successfully!
23:18:47.680 [JavaFX Application Thread] DEBUG at.ac.tuwien.sepm.assignment.individual.application.MainApplication - Application startup complete
23:18:58.490 [JavaFX Application Thread] DEBUG at.ac.tuwien.sepm.assignment.individual.rentalcars.ui.VehicleManagerController - Called editVehicleButtonPressed
23:18:58.490 [JavaFX Application Thread] DEBUG at.ac.tuwien.sepm.assignment.individual.rentalcars.ui.VehicleManagerController - Opening editVehicleWindow
23:19:33.008 [JavaFX Application Thread] ERROR at.ac.tuwien.sepm.assignment.individual.rentalcars.ui.VehicleManagerController - Could not load scene editVehicleWindow
23:20:15.103 [main] DEBUG at.ac.tuwien.sepm.assignment.individual.application.MainApplication - Application starting with arguments=[]
23:20:16.726 [JavaFX Application Thread] DEBUG at.ac.tuwien.sepm.assignment.individual.rentalcars.persistence.RentalPersistence - Connection to database successfully established!
23:20:16.774 [JavaFX Application Thread] ERROR at.ac.tuwien.sepm.assignment.individual.rentalcars.persistence.RentalPersistence - Error while loading picture!
23:20:16.779 [JavaFX Application Thread] ERROR at.ac.tuwien.sepm.assignment.individual.rentalcars.persistence.RentalPersistence - Error while loading picture!
23:20:16.780 [JavaFX Application Thread] ERROR at.ac.tuwien.sepm.assignment.individual.rentalcars.persistence.RentalPersistence - Error while loading picture!
23:20:16.780 [JavaFX Application Thread] ERROR at.ac.tuwien.sepm.assignment.individual.rentalcars.persistence.RentalPersistence - Error while loading picture!
23:20:16.780 [JavaFX Application Thread] DEBUG at.ac.tuwien.sepm.assignment.individual.rentalcars.persistence.RentalPersistence - Vehicles added into TableView successfully!
23:20:18.007 [JavaFX Application Thread] DEBUG at.ac.tuwien.sepm.assignment.individual.application.MainApplication - Application startup complete
23:20:19.831 [JavaFX Application Thread] DEBUG at.ac.tuwien.sepm.assignment.individual.rentalcars.ui.VehicleManagerController - Called editVehicleButtonPressed
23:20:19.831 [JavaFX Application Thread] DEBUG at.ac.tuwien.sepm.assignment.individual.rentalcars.ui.VehicleManagerController - Opening editVehicleWindow
23:20:19.862 [JavaFX Application Thread] ERROR at.ac.tuwien.sepm.assignment.individual.rentalcars.ui.VehicleManagerController - Could not load scene editVehicleWindow
23:20:25.941 [JavaFX Application Thread] DEBUG at.ac.tuwien.sepm.assignment.individual.application.MainApplication - Application shutdown initiated
23:21:14.742 [main] DEBUG at.ac.tuwien.sepm.assignment.individual.application.MainApplication - Application starting with arguments=[]
23:21:16.962 [JavaFX Application Thread] DEBUG at.ac.tuwien.sepm.assignment.individual.rentalcars.persistence.RentalPersistence - Connection to database successfully established!
23:21:17.004 [JavaFX Application Thread] ERROR at.ac.tuwien.sepm.assignment.individual.rentalcars.persistence.RentalPersistence - Error while loading picture!
23:21:17.010 [JavaFX Application Thread] ERROR at.ac.tuwien.sepm.assignment.individual.rentalcars.persistence.RentalPersistence - Error while loading picture!
23:21:17.011 [JavaFX Application Thread] ERROR at.ac.tuwien.sepm.assignment.individual.rentalcars.persistence.RentalPersistence - Error while loading picture!
23:21:17.011 [JavaFX Application Thread] ERROR at.ac.tuwien.sepm.assignment.individual.rentalcars.persistence.RentalPersistence - Error while loading picture!
23:21:17.012 [JavaFX Application Thread] DEBUG at.ac.tuwien.sepm.assignment.individual.rentalcars.persistence.RentalPersistence - Vehicles added into TableView successfully!
23:21:18.247 [JavaFX Application Thread] DEBUG at.ac.tuwien.sepm.assignment.individual.application.MainApplication - Application startup complete
23:21:19.695 [JavaFX Application Thread] DEBUG at.ac.tuwien.sepm.assignment.individual.rentalcars.ui.VehicleManagerController - Called editVehicleButtonPressed
23:21:19.696 [JavaFX Application Thread] DEBUG at.ac.tuwien.sepm.assignment.individual.rentalcars.ui.VehicleManagerController - Opening editVehicleWindow
23:21:19.744 [JavaFX Application Thread] ERROR at.ac.tuwien.sepm.assignment.individual.rentalcars.ui.VehicleManagerController - Could not load scene editVehicleWindow
23:21:22.307 [main] DEBUG at.ac.tuwien.sepm.assignment.individual.application.MainApplication - Application starting with arguments=[]
23:21:23.888 [JavaFX Application Thread] DEBUG at.ac.tuwien.sepm.assignment.individual.rentalcars.persistence.RentalPersistence - Failed to establish connection to database!
23:21:23.888 [JavaFX Application Thread] ERROR at.ac.tuwien.sepm.assignment.individual.rentalcars.persistence.RentalPersistence - Failed to establish connection with database!
23:21:23.892 [JavaFX Application Thread] ERROR at.ac.tuwien.sepm.assignment.individual.rentalcars.ui.VehicleManagerController - Error while populating table with data!
23:21:26.223 [JavaFX Application Thread] DEBUG at.ac.tuwien.sepm.assignment.individual.application.MainApplication - Application startup complete
23:21:31.227 [JavaFX Application Thread] DEBUG at.ac.tuwien.sepm.assignment.individual.application.MainApplication - Application shutdown initiated
23:21:32.753 [JavaFX Application Thread] DEBUG at.ac.tuwien.sepm.assignment.individual.application.MainApplication - Application shutdown initiated
23:21:39.716 [main] DEBUG at.ac.tuwien.sepm.assignment.individual.application.MainApplication - Application starting with arguments=[]
23:21:41.376 [JavaFX Application Thread] DEBUG at.ac.tuwien.sepm.assignment.individual.rentalcars.persistence.RentalPersistence - Connection to database successfully established!
23:21:41.477 [JavaFX Application Thread] ERROR at.ac.tuwien.sepm.assignment.individual.rentalcars.persistence.RentalPersistence - Error while loading picture!
23:21:41.481 [JavaFX Application Thread] ERROR at.ac.tuwien.sepm.assignment.individual.rentalcars.persistence.RentalPersistence - Error while loading picture!
23:21:41.481 [JavaFX Application Thread] ERROR at.ac.tuwien.sepm.assignment.individual.rentalcars.persistence.RentalPersistence - Error while loading picture!
23:21:41.481 [JavaFX Application Thread] ERROR at.ac.tuwien.sepm.assignment.individual.rentalcars.persistence.RentalPersistence - Error while loading picture!
23:21:41.482 [JavaFX Application Thread] DEBUG at.ac.tuwien.sepm.assignment.individual.rentalcars.persistence.RentalPersistence - Vehicles added into TableView successfully!
23:21:42.864 [JavaFX Application Thread] DEBUG at.ac.tuwien.sepm.assignment.individual.application.MainApplication - Application startup complete
23:21:44.976 [JavaFX Application Thread] DEBUG at.ac.tuwien.sepm.assignment.individual.rentalcars.ui.VehicleManagerController - Called editVehicleButtonPressed
23:21:44.976 [JavaFX Application Thread] DEBUG at.ac.tuwien.sepm.assignment.individual.rentalcars.ui.VehicleManagerController - Opening editVehicleWindow
23:21:45.010 [JavaFX Application Thread] ERROR at.ac.tuwien.sepm.assignment.individual.rentalcars.ui.VehicleManagerController - Could not load scene editVehicleWindow
23:21:49.412 [JavaFX Application Thread] DEBUG at.ac.tuwien.sepm.assignment.individual.rentalcars.ui.VehicleManagerController - Called editVehicleButtonPressed
23:21:49.413 [JavaFX Application Thread] DEBUG at.ac.tuwien.sepm.assignment.individual.rentalcars.ui.VehicleManagerController - Opening editVehicleWindow
23:21:49.431 [JavaFX Application Thread] ERROR at.ac.tuwien.sepm.assignment.individual.rentalcars.ui.VehicleManagerController - Could not load scene editVehicleWindow
23:21:52.501 [JavaFX Application Thread] DEBUG at.ac.tuwien.sepm.assignment.individual.application.MainApplication - Application shutdown initiated
23:23:45.857 [main] DEBUG at.ac.tuwien.sepm.assignment.individual.application.MainApplication - Application starting with arguments=[]
23:23:47.727 [JavaFX Application Thread] DEBUG at.ac.tuwien.sepm.assignment.individual.rentalcars.persistence.RentalPersistence - Connection to database successfully established!
23:23:47.774 [JavaFX Application Thread] ERROR at.ac.tuwien.sepm.assignment.individual.rentalcars.persistence.RentalPersistence - Error while loading picture!
23:23:47.779 [JavaFX Application Thread] ERROR at.ac.tuwien.sepm.assignment.individual.rentalcars.persistence.RentalPersistence - Error while loading picture!
23:23:47.779 [JavaFX Application Thread] ERROR at.ac.tuwien.sepm.assignment.individual.rentalcars.persistence.RentalPersistence - Error while loading picture!
23:23:47.780 [JavaFX Application Thread] ERROR at.ac.tuwien.sepm.assignment.individual.rentalcars.persistence.RentalPersistence - Error while loading picture!
23:23:47.780 [JavaFX Application Thread] DEBUG at.ac.tuwien.sepm.assignment.individual.rentalcars.persistence.RentalPersistence - Vehicles added into TableView successfully!
23:23:49.148 [JavaFX Application Thread] DEBUG at.ac.tuwien.sepm.assignment.individual.application.MainApplication - Application startup complete
23:23:52.580 [JavaFX Application Thread] DEBUG at.ac.tuwien.sepm.assignment.individual.rentalcars.ui.VehicleManagerController - Called editVehicleButtonPressed
23:23:52.580 [JavaFX Application Thread] DEBUG at.ac.tuwien.sepm.assignment.individual.rentalcars.ui.VehicleManagerController - Opening editVehicleWindow
23:23:52.892 [JavaFX Application Thread] DEBUG at.ac.tuwien.sepm.assignment.individual.rentalcars.ui.VehicleManagerController - editVehicleWindow successfully opened
23:24:04.394 [JavaFX Application Thread] DEBUG at.ac.tuwien.sepm.assignment.individual.rentalcars.ui.VehicleManagerController - editVehicleWindow closed
23:24:06.409 [JavaFX Application Thread] DEBUG at.ac.tuwien.sepm.assignment.individual.application.MainApplication - Application shutdown initiated
23:24:44.671 [main] DEBUG at.ac.tuwien.sepm.assignment.individual.application.MainApplication - Application starting with arguments=[]
23:24:46.049 [JavaFX Application Thread] DEBUG at.ac.tuwien.sepm.assignment.individual.rentalcars.persistence.RentalPersistence - Connection to database successfully established!
23:24:46.084 [JavaFX Application Thread] ERROR at.ac.tuwien.sepm.assignment.individual.rentalcars.persistence.RentalPersistence - Error while loading picture!
23:24:46.089 [JavaFX Application Thread] ERROR at.ac.tuwien.sepm.assignment.individual.rentalcars.persistence.RentalPersistence - Error while loading picture!
23:24:46.089 [JavaFX Application Thread] ERROR at.ac.tuwien.sepm.assignment.individual.rentalcars.persistence.RentalPersistence - Error while loading picture!
23:24:46.092 [JavaFX Application Thread] ERROR at.ac.tuwien.sepm.assignment.individual.rentalcars.persistence.RentalPersistence - Error while loading picture!
23:24:46.092 [JavaFX Application Thread] DEBUG at.ac.tuwien.sepm.assignment.individual.rentalcars.persistence.RentalPersistence - Vehicles added into TableView successfully!
23:24:47.268 [JavaFX Application Thread] DEBUG at.ac.tuwien.sepm.assignment.individual.application.MainApplication - Application startup complete
23:24:50.030 [JavaFX Application Thread] DEBUG at.ac.tuwien.sepm.assignment.individual.rentalcars.ui.VehicleManagerController - Called editVehicleButtonPressed
23:24:50.031 [JavaFX Application Thread] DEBUG at.ac.tuwien.sepm.assignment.individual.rentalcars.ui.VehicleManagerController - Opening editVehicleWindow
23:24:50.414 [JavaFX Application Thread] ERROR at.ac.tuwien.sepm.assignment.individual.rentalcars.ui.EditVehicleController - No Vehicle selected for editing!
23:24:59.287 [JavaFX Application Thread] DEBUG at.ac.tuwien.sepm.assignment.individual.rentalcars.ui.VehicleManagerController - editVehicleWindow closed
23:25:06.987 [JavaFX Application Thread] DEBUG at.ac.tuwien.sepm.assignment.individual.rentalcars.ui.VehicleManagerController - Called editVehicleButtonPressed
23:25:06.988 [JavaFX Application Thread] DEBUG at.ac.tuwien.sepm.assignment.individual.rentalcars.ui.VehicleManagerController - Opening editVehicleWindow
23:25:07.115 [JavaFX Application Thread] DEBUG at.ac.tuwien.sepm.assignment.individual.rentalcars.ui.VehicleManagerController - editVehicleWindow successfully opened
23:25:13.178 [JavaFX Application Thread] DEBUG at.ac.tuwien.sepm.assignment.individual.rentalcars.ui.VehicleManagerController - editVehicleWindow closed
23:25:17.175 [JavaFX Application Thread] DEBUG at.ac.tuwien.sepm.assignment.individual.application.MainApplication - Application shutdown initiated
23:25:36.879 [main] DEBUG at.ac.tuwien.sepm.assignment.individual.application.MainApplication - Application starting with arguments=[]
23:25:38.600 [JavaFX Application Thread] DEBUG at.ac.tuwien.sepm.assignment.individual.rentalcars.persistence.RentalPersistence - Connection to database successfully established!
23:25:38.650 [JavaFX Application Thread] ERROR at.ac.tuwien.sepm.assignment.individual.rentalcars.persistence.RentalPersistence - Error while loading picture!
23:25:38.654 [JavaFX Application Thread] ERROR at.ac.tuwien.sepm.assignment.individual.rentalcars.persistence.RentalPersistence - Error while loading picture!
23:25:38.654 [JavaFX Application Thread] ERROR at.ac.tuwien.sepm.assignment.individual.rentalcars.persistence.RentalPersistence - Error while loading picture!
23:25:38.654 [JavaFX Application Thread] ERROR at.ac.tuwien.sepm.assignment.individual.rentalcars.persistence.RentalPersistence - Error while loading picture!
23:25:38.654 [JavaFX Application Thread] DEBUG at.ac.tuwien.sepm.assignment.individual.rentalcars.persistence.RentalPersistence - Vehicles added into TableView successfully!
23:25:39.879 [JavaFX Application Thread] DEBUG at.ac.tuwien.sepm.assignment.individual.application.MainApplication - Application startup complete
23:25:45.518 [JavaFX Application Thread] DEBUG at.ac.tuwien.sepm.assignment.individual.rentalcars.ui.VehicleManagerController - Called editVehicleButtonPressed
23:25:45.518 [JavaFX Application Thread] DEBUG at.ac.tuwien.sepm.assignment.individual.rentalcars.ui.VehicleManagerController - Opening editVehicleWindow
23:25:45.812 [JavaFX Application Thread] DEBUG at.ac.tuwien.sepm.assignment.individual.rentalcars.ui.VehicleManagerController - editVehicleWindow successfully opened
23:25:54.052 [JavaFX Application Thread] INFO at.ac.tuwien.sepm.assignment.individual.rentalcars.ui.EditVehicleController - Tickbox C has been checked, None unchecked
23:26:02.429 [JavaFX Application Thread] DEBUG at.ac.tuwien.sepm.assignment.individual.rentalcars.ui.VehicleManagerController - editVehicleWindow closed
23:26:05.455 [JavaFX Application Thread] DEBUG at.ac.tuwien.sepm.assignment.individual.rentalcars.ui.VehicleManagerController - Called editVehicleButtonPressed
23:26:05.455 [JavaFX Application Thread] DEBUG at.ac.tuwien.sepm.assignment.individual.rentalcars.ui.VehicleManagerController - Opening editVehicleWindow
23:26:05.593 [JavaFX Application Thread] DEBUG at.ac.tuwien.sepm.assignment.individual.rentalcars.ui.VehicleManagerController - editVehicleWindow successfully opened
23:26:10.317 [JavaFX Application Thread] DEBUG at.ac.tuwien.sepm.assignment.individual.rentalcars.ui.VehicleManagerController - editVehicleWindow closed
23:26:11.531 [JavaFX Application Thread] DEBUG at.ac.tuwien.sepm.assignment.individual.application.MainApplication - Application shutdown initiated
23:28:24.962 [main] DEBUG at.ac.tuwien.sepm.assignment.individual.application.MainApplication - Application starting with arguments=[]
23:28:26.173 [JavaFX Application Thread] DEBUG at.ac.tuwien.sepm.assignment.individual.rentalcars.persistence.RentalPersistence - Connection to database successfully established!
23:28:26.227 [JavaFX Application Thread] ERROR at.ac.tuwien.sepm.assignment.individual.rentalcars.persistence.RentalPersistence - Error while loading picture!
23:28:26.232 [JavaFX Application Thread] ERROR at.ac.tuwien.sepm.assignment.individual.rentalcars.persistence.RentalPersistence - Error while loading picture!
23:28:26.232 [JavaFX Application Thread] ERROR at.ac.tuwien.sepm.assignment.individual.rentalcars.persistence.RentalPersistence - Error while loading picture!
23:28:26.233 [JavaFX Application Thread] ERROR at.ac.tuwien.sepm.assignment.individual.rentalcars.persistence.RentalPersistence - Error while loading picture!
23:28:26.235 [JavaFX Application Thread] DEBUG at.ac.tuwien.sepm.assignment.individual.rentalcars.persistence.RentalPersistence - Vehicles added into TableView successfully!
23:28:27.562 [JavaFX Application Thread] DEBUG at.ac.tuwien.sepm.assignment.individual.application.MainApplication - Application startup complete
23:28:30.711 [JavaFX Application Thread] DEBUG at.ac.tuwien.sepm.assignment.individual.rentalcars.ui.VehicleManagerController - Called editVehicleButtonPressed
23:28:30.711 [JavaFX Application Thread] DEBUG at.ac.tuwien.sepm.assignment.individual.rentalcars.ui.VehicleManagerController - Opening editVehicleWindow
23:28:31.017 [JavaFX Application Thread] ERROR at.ac.tuwien.sepm.assignment.individual.rentalcars.ui.EditVehicleController - No Vehicle selected for editing!
23:28:31.017 [JavaFX Application Thread] ERROR at.ac.tuwien.sepm.assignment.individual.rentalcars.ui.VehicleManagerController - No Vehicle selected for editing!
23:28:36.898 [JavaFX Application Thread] DEBUG at.ac.tuwien.sepm.assignment.individual.rentalcars.ui.VehicleManagerController - editVehicleWindow closed
23:28:38.440 [JavaFX Application Thread] DEBUG at.ac.tuwien.sepm.assignment.individual.application.MainApplication - Application shutdown initiated
